[debug] [2023-10-21T03:35:36.045Z] ----------------------------------------------------------------------
[debug] [2023-10-21T03:35:36.046Z] Command:       /usr/local/bin/node /usr/local/bin/firebase deploy
[debug] [2023-10-21T03:35:36.047Z] CLI Version:   11.28.0
[debug] [2023-10-21T03:35:36.047Z] Platform:      linux
[debug] [2023-10-21T03:35:36.047Z] Node Version:  v18.16.0
[debug] [2023-10-21T03:35:36.048Z] Time:          Fri Oct 20 2023 23:35:36 GMT-0400 (Eastern Daylight Time)
[debug] [2023-10-21T03:35:36.048Z] ----------------------------------------------------------------------
[debug] 
[debug] [2023-10-21T03:35:36.139Z] > command requires scopes: ["email","openid","https://www.googleapis.com/auth/cloudplatformprojects.readonly","https://www.googleapis.com/auth/firebase","https://www.googleapis.com/auth/cloud-platform"]
[debug] [2023-10-21T03:35:36.139Z] > authorizing via signed-in user (tylermarks390@gmail.com)
[debug] [2023-10-21T03:35:36.140Z] [iam] checking project ofast-e6866 for permissions ["cloudfunctions.functions.create","cloudfunctions.functions.delete","cloudfunctions.functions.get","cloudfunctions.functions.list","cloudfunctions.functions.update","cloudfunctions.operations.get","datastore.indexes.create","datastore.indexes.delete","datastore.indexes.list","datastore.indexes.update","firebase.projects.get","firebasehosting.sites.update"]
[debug] [2023-10-21T03:35:36.141Z] > refreshing access token with scopes: []
[debug] [2023-10-21T03:35:36.143Z] >>> [apiv2][query] POST https://www.googleapis.com/oauth2/v3/token [none]
[debug] [2023-10-21T03:35:36.143Z] >>> [apiv2][body] POST https://www.googleapis.com/oauth2/v3/token [omitted]
[debug] [2023-10-21T03:35:36.310Z] <<< [apiv2][status] POST https://www.googleapis.com/oauth2/v3/token 200
[debug] [2023-10-21T03:35:36.311Z] <<< [apiv2][body] POST https://www.googleapis.com/oauth2/v3/token [omitted]
[debug] [2023-10-21T03:35:36.319Z] >>> [apiv2][query] POST https://cloudresourcemanager.googleapis.com/v1/projects/ofast-e6866:testIamPermissions [none]
[debug] [2023-10-21T03:35:36.319Z] >>> [apiv2][(partial)header] POST https://cloudresourcemanager.googleapis.com/v1/projects/ofast-e6866:testIamPermissions x-goog-quota-user=projects/ofast-e6866
[debug] [2023-10-21T03:35:36.319Z] >>> [apiv2][body] POST https://cloudresourcemanager.googleapis.com/v1/projects/ofast-e6866:testIamPermissions {"permissions":["cloudfunctions.functions.create","cloudfunctions.functions.delete","cloudfunctions.functions.get","cloudfunctions.functions.list","cloudfunctions.functions.update","cloudfunctions.operations.get","datastore.indexes.create","datastore.indexes.delete","datastore.indexes.list","datastore.indexes.update","firebase.projects.get","firebasehosting.sites.update"]}
[debug] [2023-10-21T03:35:36.535Z] <<< [apiv2][status] POST https://cloudresourcemanager.googleapis.com/v1/projects/ofast-e6866:testIamPermissions 200
[debug] [2023-10-21T03:35:36.535Z] <<< [apiv2][body] POST https://cloudresourcemanager.googleapis.com/v1/projects/ofast-e6866:testIamPermissions {"permissions":["cloudfunctions.functions.create","cloudfunctions.functions.delete","cloudfunctions.functions.get","cloudfunctions.functions.list","cloudfunctions.functions.update","cloudfunctions.operations.get","datastore.indexes.create","datastore.indexes.delete","datastore.indexes.list","datastore.indexes.update","firebase.projects.get","firebasehosting.sites.update"]}
[debug] [2023-10-21T03:35:36.536Z] >>> [apiv2][query] POST https://iam.googleapis.com/v1/projects/ofast-e6866/serviceAccounts/ofast-e6866@appspot.gserviceaccount.com:testIamPermissions [none]
[debug] [2023-10-21T03:35:36.536Z] >>> [apiv2][body] POST https://iam.googleapis.com/v1/projects/ofast-e6866/serviceAccounts/ofast-e6866@appspot.gserviceaccount.com:testIamPermissions {"permissions":["iam.serviceAccounts.actAs"]}
[debug] [2023-10-21T03:35:36.741Z] <<< [apiv2][status] POST https://iam.googleapis.com/v1/projects/ofast-e6866/serviceAccounts/ofast-e6866@appspot.gserviceaccount.com:testIamPermissions 200
[debug] [2023-10-21T03:35:36.741Z] <<< [apiv2][body] POST https://iam.googleapis.com/v1/projects/ofast-e6866/serviceAccounts/ofast-e6866@appspot.gserviceaccount.com:testIamPermissions {"permissions":["iam.serviceAccounts.actAs"]}
[debug] [2023-10-21T03:35:36.742Z] >>> [apiv2][query] GET https://firebase.googleapis.com/v1beta1/projects/ofast-e6866 [none]
[debug] [2023-10-21T03:35:37.020Z] <<< [apiv2][status] GET https://firebase.googleapis.com/v1beta1/projects/ofast-e6866 200
[debug] [2023-10-21T03:35:37.021Z] <<< [apiv2][body] GET https://firebase.googleapis.com/v1beta1/projects/ofast-e6866 {"projectId":"ofast-e6866","projectNumber":"660869453090","displayName":"ofast","name":"projects/ofast-e6866","resources":{"hostingSite":"ofast-e6866"},"state":"ACTIVE","etag":"1_63b515e3-192a-43f6-9430-e1d9c79545d1"}
[info] 
[info] === Deploying to 'ofast-e6866'...
[info] 
[info] i  deploying firestore, functions, hosting 
[info] Running command: npm --prefix "$RESOURCE_DIR" run lint
[info] Running command: npm --prefix "$RESOURCE_DIR" run build
[info] ✔  functions: Finished running predeploy script. 
[info] i  firestore: reading indexes from firestore.indexes.json... 
[info] i  cloud.firestore: checking firestore.rules for compilation errors... 
[debug] [2023-10-21T03:36:36.298Z] >>> [apiv2][query] POST https://firebaserules.googleapis.com/v1/projects/ofast-e6866:test [none]
[debug] [2023-10-21T03:36:36.298Z] >>> [apiv2][body] POST https://firebaserules.googleapis.com/v1/projects/ofast-e6866:test [omitted]
[debug] [2023-10-21T03:36:36.618Z] <<< [apiv2][status] POST https://firebaserules.googleapis.com/v1/projects/ofast-e6866:test 200
[debug] [2023-10-21T03:36:36.619Z] <<< [apiv2][body] POST https://firebaserules.googleapis.com/v1/projects/ofast-e6866:test {}
[info] ✔  cloud.firestore: rules file firestore.rules compiled successfully 
[debug] [2023-10-21T03:36:36.620Z] >>> [apiv2][query] GET https://firebase.googleapis.com/v1beta1/projects/ofast-e6866 [none]
[debug] [2023-10-21T03:36:36.802Z] <<< [apiv2][status] GET https://firebase.googleapis.com/v1beta1/projects/ofast-e6866 200
[debug] [2023-10-21T03:36:36.802Z] <<< [apiv2][body] GET https://firebase.googleapis.com/v1beta1/projects/ofast-e6866 {"projectId":"ofast-e6866","projectNumber":"660869453090","displayName":"ofast","name":"projects/ofast-e6866","resources":{"hostingSite":"ofast-e6866"},"state":"ACTIVE","etag":"1_38fd125b-15d5-42a4-ba2a-a0260115205d"}
[info] i  functions: preparing codebase default for deployment 
[info] i  functions: ensuring required API cloudfunctions.googleapis.com is enabled... 
[info] i  functions: ensuring required API cloudbuild.googleapis.com is enabled... 
[info] i  artifactregistry: ensuring required API artifactregistry.googleapis.com is enabled... 
[debug] [2023-10-21T03:36:36.804Z] >>> [apiv2][query] GET https://serviceusage.googleapis.com/v1/projects/ofast-e6866/services/cloudfunctions.googleapis.com [none]
[debug] [2023-10-21T03:36:36.805Z] >>> [apiv2][(partial)header] GET https://serviceusage.googleapis.com/v1/projects/ofast-e6866/services/cloudfunctions.googleapis.com x-goog-quota-user=projects/ofast-e6866
[debug] [2023-10-21T03:36:36.807Z] >>> [apiv2][query] GET https://serviceusage.googleapis.com/v1/projects/ofast-e6866/services/runtimeconfig.googleapis.com [none]
[debug] [2023-10-21T03:36:36.807Z] >>> [apiv2][(partial)header] GET https://serviceusage.googleapis.com/v1/projects/ofast-e6866/services/runtimeconfig.googleapis.com x-goog-quota-user=projects/ofast-e6866
[debug] [2023-10-21T03:36:36.810Z] >>> [apiv2][query] GET https://serviceusage.googleapis.com/v1/projects/ofast-e6866/services/cloudbuild.googleapis.com [none]
[debug] [2023-10-21T03:36:36.810Z] >>> [apiv2][(partial)header] GET https://serviceusage.googleapis.com/v1/projects/ofast-e6866/services/cloudbuild.googleapis.com x-goog-quota-user=projects/ofast-e6866
[debug] [2023-10-21T03:36:36.812Z] >>> [apiv2][query] GET https://serviceusage.googleapis.com/v1/projects/ofast-e6866/services/artifactregistry.googleapis.com [none]
[debug] [2023-10-21T03:36:36.812Z] >>> [apiv2][(partial)header] GET https://serviceusage.googleapis.com/v1/projects/ofast-e6866/services/artifactregistry.googleapis.com x-goog-quota-user=projects/ofast-e6866
[debug] [2023-10-21T03:36:37.192Z] <<< [apiv2][status] GET https://serviceusage.googleapis.com/v1/projects/ofast-e6866/services/cloudbuild.googleapis.com 200
[debug] [2023-10-21T03:36:37.192Z] <<< [apiv2][body] GET https://serviceusage.googleapis.com/v1/projects/ofast-e6866/services/cloudbuild.googleapis.com [omitted]
[info] ✔  functions: required API cloudbuild.googleapis.com is enabled 
[debug] [2023-10-21T03:36:37.197Z] <<< [apiv2][status] GET https://serviceusage.googleapis.com/v1/projects/ofast-e6866/services/runtimeconfig.googleapis.com 200
[debug] [2023-10-21T03:36:37.197Z] <<< [apiv2][body] GET https://serviceusage.googleapis.com/v1/projects/ofast-e6866/services/runtimeconfig.googleapis.com [omitted]
[debug] [2023-10-21T03:36:37.199Z] <<< [apiv2][status] GET https://serviceusage.googleapis.com/v1/projects/ofast-e6866/services/cloudfunctions.googleapis.com 200
[debug] [2023-10-21T03:36:37.199Z] <<< [apiv2][body] GET https://serviceusage.googleapis.com/v1/projects/ofast-e6866/services/cloudfunctions.googleapis.com [omitted]
[info] ✔  functions: required API cloudfunctions.googleapis.com is enabled 
[debug] [2023-10-21T03:36:37.200Z] <<< [apiv2][status] GET https://serviceusage.googleapis.com/v1/projects/ofast-e6866/services/artifactregistry.googleapis.com 200
[debug] [2023-10-21T03:36:37.200Z] <<< [apiv2][body] GET https://serviceusage.googleapis.com/v1/projects/ofast-e6866/services/artifactregistry.googleapis.com [omitted]
[info] ✔  artifactregistry: required API artifactregistry.googleapis.com is enabled 
[debug] [2023-10-21T03:36:37.201Z] >>> [apiv2][query] GET https://firebase.googleapis.com/v1beta1/projects/ofast-e6866/adminSdkConfig [none]
[debug] [2023-10-21T03:36:37.433Z] <<< [apiv2][status] GET https://firebase.googleapis.com/v1beta1/projects/ofast-e6866/adminSdkConfig 200
[debug] [2023-10-21T03:36:37.433Z] <<< [apiv2][body] GET https://firebase.googleapis.com/v1beta1/projects/ofast-e6866/adminSdkConfig {"projectId":"ofast-e6866","storageBucket":"ofast-e6866.appspot.com"}
[debug] [2023-10-21T03:36:37.434Z] >>> [apiv2][query] GET https://runtimeconfig.googleapis.com/v1beta1/projects/ofast-e6866/configs [none]
[debug] [2023-10-21T03:36:37.809Z] <<< [apiv2][status] GET https://runtimeconfig.googleapis.com/v1beta1/projects/ofast-e6866/configs 200
[debug] [2023-10-21T03:36:37.810Z] <<< [apiv2][body] GET https://runtimeconfig.googleapis.com/v1beta1/projects/ofast-e6866/configs {}
[debug] [2023-10-21T03:36:37.816Z] Validating nodejs source
[debug] [2023-10-21T03:36:38.734Z] > [functions] package.json contents: {
  "name": "functions",
  "scripts": {
    "lint": "eslint --ext .ts .",
    "build": "tsc",
    "build:watch": "tsc --watch",
    "serve": "npm run build && firebase emulators:start --only functions",
    "shell": "npm run build && firebase functions:shell",
    "start": "npm run shell",
    "deploy": "firebase deploy --only functions",
    "logs": "firebase functions:log"
  },
  "engines": {
    "node": "18"
  },
  "main": "lib/index.js",
  "dependencies": {
    "cors": "^2.8.5",
    "express": "^4.18.2",
    "firebase": "^10.5.0",
    "firebase-admin": "^11.5.0",
    "firebase-functions": "^4.2.0",
    "firebase-tools": "^11.30.0",
    "typescript-eslint": "^0.0.1-alpha.0"
  },
  "devDependencies": {
    "@typescript-eslint/eslint-plugin": "^5.12.0",
    "@typescript-eslint/parser": "^5.12.0",
    "eslint": "^8.51.0",
    "eslint-config-google": "^0.14.0",
    "eslint-plugin-import": "^2.25.4",
    "firebase-functions-test": "^3.0.0",
    "typescript": "^4.9.0"
  },
  "private": true
}
[debug] [2023-10-21T03:36:38.736Z] Building nodejs source
[debug] [2023-10-21T03:36:38.737Z] Could not find functions.yaml. Must use http discovery
[debug] [2023-10-21T03:36:38.757Z] Found firebase-functions binary at '/mnt/c/Users/tyler/Documents/ofast-webapp/functions/node_modules/.bin/firebase-functions'
[debug] [2023-10-21T03:36:43.104Z] Serving at port 8545

[debug] [2023-10-21T03:36:52.478Z] Got response from /__/functions.yaml {"endpoints":{"api":{"platform":"gcfv1","availableMemoryMb":null,"timeoutSeconds":null,"minInstances":null,"maxInstances":null,"ingressSettings":null,"serviceAccountEmail":null,"vpc":null,"httpsTrigger":{},"entryPoint":"api"}},"specVersion":"v1alpha1","requiredAPIs":[]}
[debug] [2023-10-21T03:36:52.487Z] shutdown requested via /__/quitquitquit

[info] i  functions: preparing functions directory for uploading... 
[info] i  functions: packaged /mnt/c/Users/tyler/Documents/ofast-webapp/functions (168.27 KB) for uploading 
[debug] [2023-10-21T03:36:52.594Z] >>> [apiv2][query] GET https://cloudfunctions.googleapis.com/v1/projects/ofast-e6866/locations/-/functions [none]
[debug] [2023-10-21T03:36:53.225Z] <<< [apiv2][status] GET https://cloudfunctions.googleapis.com/v1/projects/ofast-e6866/locations/-/functions 200
[debug] [2023-10-21T03:36:53.225Z] <<< [apiv2][body] GET https://cloudfunctions.googleapis.com/v1/projects/ofast-e6866/locations/-/functions {"functions":[{"name":"projects/ofast-e6866/locations/us-central1/functions/api","httpsTrigger":{"url":"https://us-central1-ofast-e6866.cloudfunctions.net/api","securityLevel":"SECURE_ALWAYS"},"status":"ACTIVE","entryPoint":"api","timeout":"60s","availableMemoryMb":256,"serviceAccountEmail":"ofast-e6866@appspot.gserviceaccount.com","updateTime":"2023-10-21T03:14:07.579Z","versionId":"6","labels":{"deployment-tool":"cli-firebase","firebase-functions-hash":"7005599717eff89032f6638b6ab8d88e0d517638"},"sourceUploadUrl":"https://storage.googleapis.com/uploads-484721855258.us-central1.cloudfunctions.appspot.com/f5bbee73-1f76-4d37-9437-c6785c8722a9.zip","environmentVariables":{"FIREBASE_CONFIG":"{\"projectId\":\"ofast-e6866\",\"storageBucket\":\"ofast-e6866.appspot.com\"}","GCLOUD_PROJECT":"ofast-e6866","EVENTARC_CLOUD_EVENT_SOURCE":"projects/ofast-e6866/locations/us-central1/functions/api"},"runtime":"nodejs18","ingressSettings":"ALLOW_ALL","buildId":"857773b2-9232-4e38-a279-633eb0d9bf49","buildEnvironmentVariables":{"GOOGLE_NODE_RUN_SCRIPTS":""},"buildName":"projects/660869453090/locations/us-central1/builds/857773b2-9232-4e38-a279-633eb0d9bf49","dockerRegistry":"ARTIFACT_REGISTRY"}]}
[debug] [2023-10-21T03:36:53.226Z] >>> [apiv2][query] GET https://cloudfunctions.googleapis.com/v2/projects/ofast-e6866/locations/-/functions filter=environment%3D%22GEN_2%22
[debug] [2023-10-21T03:36:53.643Z] <<< [apiv2][status] GET https://cloudfunctions.googleapis.com/v2/projects/ofast-e6866/locations/-/functions 200
[debug] [2023-10-21T03:36:53.643Z] <<< [apiv2][body] GET https://cloudfunctions.googleapis.com/v2/projects/ofast-e6866/locations/-/functions {}
[debug] [2023-10-21T03:36:53.650Z] >>> [apiv2][query] GET https://firebase.googleapis.com/v1beta1/projects/ofast-e6866 [none]
[debug] [2023-10-21T03:36:53.955Z] <<< [apiv2][status] GET https://firebase.googleapis.com/v1beta1/projects/ofast-e6866 200
[debug] [2023-10-21T03:36:53.956Z] <<< [apiv2][body] GET https://firebase.googleapis.com/v1beta1/projects/ofast-e6866 {"projectId":"ofast-e6866","projectNumber":"660869453090","displayName":"ofast","name":"projects/ofast-e6866","resources":{"hostingSite":"ofast-e6866"},"state":"ACTIVE","etag":"1_38fd125b-15d5-42a4-ba2a-a0260115205d"}
[debug] [2023-10-21T03:36:53.962Z] >>> [apiv2][query] POST https://firebasehosting.googleapis.com/v1beta1/projects/-/sites/ofast-e6866/versions [none]
[debug] [2023-10-21T03:36:53.962Z] >>> [apiv2][body] POST https://firebasehosting.googleapis.com/v1beta1/projects/-/sites/ofast-e6866/versions {"status":"CREATED","labels":{"deployment-tool":"cli-firebase"}}
[debug] [2023-10-21T03:36:55.001Z] <<< [apiv2][status] POST https://firebasehosting.googleapis.com/v1beta1/projects/-/sites/ofast-e6866/versions 200
[debug] [2023-10-21T03:36:55.001Z] <<< [apiv2][body] POST https://firebasehosting.googleapis.com/v1beta1/projects/-/sites/ofast-e6866/versions {"name":"projects/660869453090/sites/ofast-e6866/versions/a9f0ec32c26d574a","status":"CREATED","config":{},"labels":{"deployment-tool":"cli-firebase"}}
[info] i  firestore: deploying indexes... 
[debug] [2023-10-21T03:36:55.003Z] >>> [apiv2][query] GET https://firebaserules.googleapis.com/v1/projects/ofast-e6866/releases pageSize=10&pageToken=
[debug] [2023-10-21T03:36:55.005Z] >>> [apiv2][query] GET https://firestore.googleapis.com/v1/projects/ofast-e6866/databases/(default)/collectionGroups/-/indexes [none]
[debug] [2023-10-21T03:36:55.135Z] <<< [apiv2][status] GET https://firebaserules.googleapis.com/v1/projects/ofast-e6866/releases 200
[debug] [2023-10-21T03:36:55.135Z] <<< [apiv2][body] GET https://firebaserules.googleapis.com/v1/projects/ofast-e6866/releases {"releases":[{"name":"projects/ofast-e6866/releases/cloud.firestore","rulesetName":"projects/ofast-e6866/rulesets/6e48aa1c-40cf-4cd0-a038-e4797d0eae7b","createTime":"2023-10-11T18:50:56.060467Z","updateTime":"2023-10-21T03:12:10.300592Z"}]}
[debug] [2023-10-21T03:36:55.135Z] >>> [apiv2][query] GET https://firebaserules.googleapis.com/v1/projects/ofast-e6866/rulesets/6e48aa1c-40cf-4cd0-a038-e4797d0eae7b [none]
[debug] [2023-10-21T03:36:55.236Z] <<< [apiv2][status] GET https://firestore.googleapis.com/v1/projects/ofast-e6866/databases/(default)/collectionGroups/-/indexes 200
[debug] [2023-10-21T03:36:55.236Z] <<< [apiv2][body] GET https://firestore.googleapis.com/v1/projects/ofast-e6866/databases/(default)/collectionGroups/-/indexes {}
[debug] [2023-10-21T03:36:55.236Z] >>> [apiv2][query] GET https://firestore.googleapis.com/v1/projects/ofast-e6866/databases/(default)/collectionGroups/-/fields?filter=indexConfig.usesAncestorConfig=false OR ttlConfig:* [none]
[debug] [2023-10-21T03:36:55.268Z] <<< [apiv2][status] GET https://firebaserules.googleapis.com/v1/projects/ofast-e6866/rulesets/6e48aa1c-40cf-4cd0-a038-e4797d0eae7b 200
[debug] [2023-10-21T03:36:55.268Z] <<< [apiv2][body] GET https://firebaserules.googleapis.com/v1/projects/ofast-e6866/rulesets/6e48aa1c-40cf-4cd0-a038-e4797d0eae7b [omitted]
[info] i  firestore: latest version of firestore.rules already up to date, skipping upload... 
[debug] [2023-10-21T03:36:55.419Z] <<< [apiv2][status] GET https://firestore.googleapis.com/v1/projects/ofast-e6866/databases/(default)/collectionGroups/-/fields?filter=indexConfig.usesAncestorConfig=false OR ttlConfig:* 200
[debug] [2023-10-21T03:36:55.419Z] <<< [apiv2][body] GET https://firestore.googleapis.com/v1/projects/ofast-e6866/databases/(default)/collectionGroups/-/fields?filter=indexConfig.usesAncestorConfig=false OR ttlConfig:* {"fields":[{"name":"projects/ofast-e6866/databases/(default)/collectionGroups/__default__/fields/*","indexConfig":{"indexes":[{"queryScope":"COLLECTION","fields":[{"fieldPath":"*","order":"ASCENDING"}],"state":"READY"},{"queryScope":"COLLECTION","fields":[{"fieldPath":"*","order":"DESCENDING"}],"state":"READY"},{"queryScope":"COLLECTION","fields":[{"fieldPath":"*","arrayConfig":"CONTAINS"}],"state":"READY"}]}}]}
[info] ✔  firestore: deployed indexes in firestore.indexes.json successfully for (default) database 
[debug] [2023-10-21T03:36:55.420Z] >>> [apiv2][query] POST https://cloudfunctions.googleapis.com/v1/projects/ofast-e6866/locations/us-central1/functions:generateUploadUrl [none]
[debug] [2023-10-21T03:36:55.420Z] >>> [apiv2][body] POST https://cloudfunctions.googleapis.com/v1/projects/ofast-e6866/locations/us-central1/functions:generateUploadUrl {}
[debug] [2023-10-21T03:36:56.046Z] <<< [apiv2][status] POST https://cloudfunctions.googleapis.com/v1/projects/ofast-e6866/locations/us-central1/functions:generateUploadUrl 200
[debug] [2023-10-21T03:36:56.046Z] <<< [apiv2][body] POST https://cloudfunctions.googleapis.com/v1/projects/ofast-e6866/locations/us-central1/functions:generateUploadUrl {"uploadUrl":"https://storage.googleapis.com/uploads-484721855258.us-central1.cloudfunctions.appspot.com/0f8b4bed-17d0-46a7-9df5-60a7c54d4ed8.zip?GoogleAccessId=service-660869453090@gcf-admin-robot.iam.gserviceaccount.com&Expires=1697861215&Signature=ZAaI3HB2tTS4QhZavgvSzQxJcuHthCfay7q%2F6rE09tNGVTYy7ipikx%2BCqlwmLA%2BqXslUIDeu%2B9H662vgqTHSx3sFZPtNBJequ8lJjX%2B9mwqavlvgbeZrKjLY436yD9f5YnhO9bxER1Enk0leEDLmu4rxxMh7GBlBa%2FDDcPjj59%2BRsFjGvGKIgZ1TUp1OrOj2FaHM4Yg2y0b6yjaGMkvXsRmbvZgGZ7zxGHGAlmOmXuofKi5K8HHv0VwSBZFu1gNHCawBvv8m99RHGBYYbGdI4i3cToBePg5BRw5rffgRhWylLpcrYohAgi7ExWa6NWyXhLJV8SY%2FXb%2FDsu6o05L5HA%3D%3D"}
[debug] [2023-10-21T03:36:56.047Z] >>> [apiv2][query] PUT https://storage.googleapis.com/uploads-484721855258.us-central1.cloudfunctions.appspot.com/0f8b4bed-17d0-46a7-9df5-60a7c54d4ed8.zip GoogleAccessId=service-660869453090%40gcf-admin-robot.iam.gserviceaccount.com&Expires=1697861215&Signature=ZAaI3HB2tTS4QhZavgvSzQxJcuHthCfay7q%2F6rE09tNGVTYy7ipikx%2BCqlwmLA%2BqXslUIDeu%2B9H662vgqTHSx3sFZPtNBJequ8lJjX%2B9mwqavlvgbeZrKjLY436yD9f5YnhO9bxER1Enk0leEDLmu4rxxMh7GBlBa%2FDDcPjj59%2BRsFjGvGKIgZ1TUp1OrOj2FaHM4Yg2y0b6yjaGMkvXsRmbvZgGZ7zxGHGAlmOmXuofKi5K8HHv0VwSBZFu1gNHCawBvv8m99RHGBYYbGdI4i3cToBePg5BRw5rffgRhWylLpcrYohAgi7ExWa6NWyXhLJV8SY%2FXb%2FDsu6o05L5HA%3D%3D
[debug] [2023-10-21T03:36:56.047Z] >>> [apiv2][body] PUT https://storage.googleapis.com/uploads-484721855258.us-central1.cloudfunctions.appspot.com/0f8b4bed-17d0-46a7-9df5-60a7c54d4ed8.zip [stream]
[debug] [2023-10-21T03:36:56.566Z] <<< [apiv2][status] PUT https://storage.googleapis.com/uploads-484721855258.us-central1.cloudfunctions.appspot.com/0f8b4bed-17d0-46a7-9df5-60a7c54d4ed8.zip 200
[debug] [2023-10-21T03:36:56.566Z] <<< [apiv2][body] PUT https://storage.googleapis.com/uploads-484721855258.us-central1.cloudfunctions.appspot.com/0f8b4bed-17d0-46a7-9df5-60a7c54d4ed8.zip [omitted]
[info] ✔  functions: functions folder uploaded successfully 
[info] i  hosting[ofast-e6866]: beginning deploy... 
[info] i  hosting[ofast-e6866]: found 6 files in build 
[debug] [2023-10-21T03:36:56.589Z] [hosting] uploading with 200 concurrency
[debug] [2023-10-21T03:36:56.611Z] [hosting] hash cache [YnVpbGQ] stored for 6 files
[debug] [2023-10-21T03:36:56.612Z] [hosting][hash queue][FINAL] {"max":10,"min":2,"avg":2,"active":0,"complete":6,"success":6,"errored":0,"retried":0,"total":6,"elapsed":16}
[debug] [2023-10-21T03:36:56.612Z] >>> [apiv2][query] POST https://firebasehosting.googleapis.com/v1beta1/projects/660869453090/sites/ofast-e6866/versions/a9f0ec32c26d574a:populateFiles [none]
[debug] [2023-10-21T03:36:56.612Z] >>> [apiv2][body] POST https://firebasehosting.googleapis.com/v1beta1/projects/660869453090/sites/ofast-e6866/versions/a9f0ec32c26d574a:populateFiles {"files":{"/404.html":"6bb325f7151ad625b7490b40deb6ac02a3c00d5486c13f712371f58ac5a978b0","/favicon.ico":"c599b7a91ab3627e3538125d9f40adc2d4bf949046984262670545dc7738af06","/logo192.png":"76c449ccb9cd117c2f2338f091b18f7050f3210e249b2228f5c81b23f34377cd","/logo512.png":"7779210d56c1f3741e2e487799fe3092def4fa6ac450a60532b807c3a8971205","/manifest.json":"9ad958a90fd44be9927fbca95a7cf583f8abacb882ea66fd5917933ff268097e","/robots.txt":"8a427bb19eab72df81f29521ee16bf7975d54c7a2e39b23f85f970a30740abed"}}
[debug] [2023-10-21T03:36:57.403Z] <<< [apiv2][status] POST https://firebasehosting.googleapis.com/v1beta1/projects/660869453090/sites/ofast-e6866/versions/a9f0ec32c26d574a:populateFiles 200
[debug] [2023-10-21T03:36:57.403Z] <<< [apiv2][body] POST https://firebasehosting.googleapis.com/v1beta1/projects/660869453090/sites/ofast-e6866/versions/a9f0ec32c26d574a:populateFiles {"uploadUrl":"https://upload-firebasehosting.googleapis.com/upload/sites/ofast-e6866/versions/a9f0ec32c26d574a/files"}
[debug] [2023-10-21T03:36:57.404Z] [hosting][populate queue][FINAL] {"max":798,"min":798,"avg":798,"active":0,"complete":1,"success":1,"errored":0,"retried":0,"total":1,"elapsed":798}
[debug] [2023-10-21T03:36:57.404Z] [hosting] uploads queued: 0
[debug] [2023-10-21T03:36:57.404Z] [hosting][upload queue][FINAL] {"max":0,"min":9999999999,"avg":0,"active":0,"complete":0,"success":0,"errored":0,"retried":0,"total":0,"elapsed":1697859417404}
[info] ✔  hosting[ofast-e6866]: file upload complete 
[debug] [2023-10-21T03:36:57.405Z] [hosting] deploy completed after 837ms
[debug] [2023-10-21T03:36:57.407Z] [rules] releasing cloud.firestore/(default) with ruleset projects/ofast-e6866/rulesets/6e48aa1c-40cf-4cd0-a038-e4797d0eae7b
[debug] [2023-10-21T03:36:57.408Z] >>> [apiv2][query] PATCH https://firebaserules.googleapis.com/v1/projects/ofast-e6866/releases/cloud.firestore/(default) [none]
[debug] [2023-10-21T03:36:57.408Z] >>> [apiv2][body] PATCH https://firebaserules.googleapis.com/v1/projects/ofast-e6866/releases/cloud.firestore/(default) {"release":{"name":"projects/ofast-e6866/releases/cloud.firestore/(default)","rulesetName":"projects/ofast-e6866/rulesets/6e48aa1c-40cf-4cd0-a038-e4797d0eae7b"}}
[debug] [2023-10-21T03:36:57.925Z] <<< [apiv2][status] PATCH https://firebaserules.googleapis.com/v1/projects/ofast-e6866/releases/cloud.firestore/(default) 200
[debug] [2023-10-21T03:36:57.925Z] <<< [apiv2][body] PATCH https://firebaserules.googleapis.com/v1/projects/ofast-e6866/releases/cloud.firestore/(default) {"name":"projects/ofast-e6866/releases/cloud.firestore","rulesetName":"projects/ofast-e6866/rulesets/6e48aa1c-40cf-4cd0-a038-e4797d0eae7b","createTime":"2023-10-11T18:50:56.060467Z","updateTime":"2023-10-21T03:36:57.906728Z"}
[debug] [2023-10-21T03:36:57.925Z] [rules] updated release projects/ofast-e6866/releases/cloud.firestore
[info] ✔  firestore: released rules firestore.rules to cloud.firestore 
[info] i  functions: updating Node.js 18 function api(us-central1)... 
[debug] [2023-10-21T03:36:57.931Z] >>> [apiv2][query] PATCH https://cloudfunctions.googleapis.com/v1/projects/ofast-e6866/locations/us-central1/functions/api updateMask=name%2CsourceUploadUrl%2CentryPoint%2Cruntime%2CdockerRegistry%2Clabels%2ChttpsTrigger.securityLevel%2CminInstances%2CmaxInstances%2CingressSettings%2CenvironmentVariables%2CserviceAccountEmail%2CavailableMemoryMb%2Ctimeout%2CvpcConnector%2CvpcConnectorEgressSettings%2CsourceToken%2CbuildEnvironmentVariables
[debug] [2023-10-21T03:36:57.931Z] >>> [apiv2][body] PATCH https://cloudfunctions.googleapis.com/v1/projects/ofast-e6866/locations/us-central1/functions/api {"name":"projects/ofast-e6866/locations/us-central1/functions/api","sourceUploadUrl":"https://storage.googleapis.com/uploads-484721855258.us-central1.cloudfunctions.appspot.com/0f8b4bed-17d0-46a7-9df5-60a7c54d4ed8.zip?GoogleAccessId=service-660869453090@gcf-admin-robot.iam.gserviceaccount.com&Expires=1697861215&Signature=ZAaI3HB2tTS4QhZavgvSzQxJcuHthCfay7q%2F6rE09tNGVTYy7ipikx%2BCqlwmLA%2BqXslUIDeu%2B9H662vgqTHSx3sFZPtNBJequ8lJjX%2B9mwqavlvgbeZrKjLY436yD9f5YnhO9bxER1Enk0leEDLmu4rxxMh7GBlBa%2FDDcPjj59%2BRsFjGvGKIgZ1TUp1OrOj2FaHM4Yg2y0b6yjaGMkvXsRmbvZgGZ7zxGHGAlmOmXuofKi5K8HHv0VwSBZFu1gNHCawBvv8m99RHGBYYbGdI4i3cToBePg5BRw5rffgRhWylLpcrYohAgi7ExWa6NWyXhLJV8SY%2FXb%2FDsu6o05L5HA%3D%3D","entryPoint":"api","runtime":"nodejs18","dockerRegistry":"ARTIFACT_REGISTRY","labels":{"deployment-tool":"cli-firebase","firebase-functions-hash":"538b4c55bc831a6670c4efcd43fe0fc3f2d3f2c8"},"httpsTrigger":{"securityLevel":"SECURE_ALWAYS"},"minInstances":null,"maxInstances":null,"ingressSettings":null,"environmentVariables":{"FIREBASE_CONFIG":"{\"projectId\":\"ofast-e6866\",\"storageBucket\":\"ofast-e6866.appspot.com\"}","GCLOUD_PROJECT":"ofast-e6866","EVENTARC_CLOUD_EVENT_SOURCE":"projects/ofast-e6866/locations/us-central1/functions/api"},"serviceAccountEmail":null,"availableMemoryMb":null,"timeout":null,"vpcConnector":null,"vpcConnectorEgressSettings":null,"buildEnvironmentVariables":{"GOOGLE_NODE_RUN_SCRIPTS":""}}
[debug] [2023-10-21T03:36:58.382Z] <<< [apiv2][status] PATCH https://cloudfunctions.googleapis.com/v1/projects/ofast-e6866/locations/us-central1/functions/api 200
[debug] [2023-10-21T03:36:58.382Z] <<< [apiv2][body] PATCH https://cloudfunctions.googleapis.com/v1/projects/ofast-e6866/locations/us-central1/functions/api {"name":"operations/b2Zhc3QtZTY4NjYvdXMtY2VudHJhbDEvYXBpL0hKZF9OTEJTQjFN","metadata":{"@type":"type.googleapis.com/google.cloud.functions.v1.OperationMetadataV1","target":"projects/ofast-e6866/locations/us-central1/functions/api","type":"UPDATE_FUNCTION","request":{"@type":"type.googleapis.com/google.cloud.functions.v1.CloudFunction","name":"projects/ofast-e6866/locations/us-central1/functions/api","httpsTrigger":{"url":"https://us-central1-ofast-e6866.cloudfunctions.net/api","securityLevel":"SECURE_ALWAYS"},"status":"ACTIVE","entryPoint":"api","updateTime":"2023-10-21T03:14:07.579Z","versionId":"6","labels":{"deployment-tool":"cli-firebase","firebase-functions-hash":"538b4c55bc831a6670c4efcd43fe0fc3f2d3f2c8"},"sourceUploadUrl":"https://storage.googleapis.com/uploads-484721855258.us-central1.cloudfunctions.appspot.com/0f8b4bed-17d0-46a7-9df5-60a7c54d4ed8.zip?GoogleAccessId=service-660869453090@gcf-admin-robot.iam.gserviceaccount.com&Expires=1697861215&Signature=ZAaI3HB2tTS4QhZavgvSzQxJcuHthCfay7q%2F6rE09tNGVTYy7ipikx%2BCqlwmLA%2BqXslUIDeu%2B9H662vgqTHSx3sFZPtNBJequ8lJjX%2B9mwqavlvgbeZrKjLY436yD9f5YnhO9bxER1Enk0leEDLmu4rxxMh7GBlBa%2FDDcPjj59%2BRsFjGvGKIgZ1TUp1OrOj2FaHM4Yg2y0b6yjaGMkvXsRmbvZgGZ7zxGHGAlmOmXuofKi5K8HHv0VwSBZFu1gNHCawBvv8m99RHGBYYbGdI4i3cToBePg5BRw5rffgRhWylLpcrYohAgi7ExWa6NWyXhLJV8SY%2FXb%2FDsu6o05L5HA%3D%3D","environmentVariables":{"FIREBASE_CONFIG":"{\"projectId\":\"ofast-e6866\",\"storageBucket\":\"ofast-e6866.appspot.com\"}","GCLOUD_PROJECT":"ofast-e6866","EVENTARC_CLOUD_EVENT_SOURCE":"projects/ofast-e6866/locations/us-central1/functions/api"},"runtime":"nodejs18","buildId":"857773b2-9232-4e38-a279-633eb0d9bf49","buildEnvironmentVariables":{"GOOGLE_NODE_RUN_SCRIPTS":""},"buildName":"projects/660869453090/locations/us-central1/builds/857773b2-9232-4e38-a279-633eb0d9bf49","dockerRegistry":"ARTIFACT_REGISTRY"},"versionId":"7","updateTime":"2023-10-21T03:36:58Z"}}
[debug] [2023-10-21T03:36:58.383Z] >>> [apiv2][query] GET https://cloudfunctions.googleapis.com/v1/operations/b2Zhc3QtZTY4NjYvdXMtY2VudHJhbDEvYXBpL0hKZF9OTEJTQjFN [none]
[debug] [2023-10-21T03:36:58.610Z] <<< [apiv2][status] GET https://cloudfunctions.googleapis.com/v1/operations/b2Zhc3QtZTY4NjYvdXMtY2VudHJhbDEvYXBpL0hKZF9OTEJTQjFN 200
[debug] [2023-10-21T03:36:58.610Z] <<< [apiv2][body] GET https://cloudfunctions.googleapis.com/v1/operations/b2Zhc3QtZTY4NjYvdXMtY2VudHJhbDEvYXBpL0hKZF9OTEJTQjFN {"name":"operations/b2Zhc3QtZTY4NjYvdXMtY2VudHJhbDEvYXBpL0hKZF9OTEJTQjFN","metadata":{"@type":"type.googleapis.com/google.cloud.functions.v1.OperationMetadataV1","target":"projects/ofast-e6866/locations/us-central1/functions/api","type":"UPDATE_FUNCTION","request":{"@type":"type.googleapis.com/google.cloud.functions.v1.CloudFunction","name":"projects/ofast-e6866/locations/us-central1/functions/api","httpsTrigger":{"url":"https://us-central1-ofast-e6866.cloudfunctions.net/api","securityLevel":"SECURE_ALWAYS"},"status":"ACTIVE","entryPoint":"api","updateTime":"2023-10-21T03:14:07.579Z","versionId":"6","labels":{"deployment-tool":"cli-firebase","firebase-functions-hash":"538b4c55bc831a6670c4efcd43fe0fc3f2d3f2c8"},"sourceUploadUrl":"https://storage.googleapis.com/uploads-484721855258.us-central1.cloudfunctions.appspot.com/0f8b4bed-17d0-46a7-9df5-60a7c54d4ed8.zip?GoogleAccessId=service-660869453090@gcf-admin-robot.iam.gserviceaccount.com&Expires=1697861215&Signature=ZAaI3HB2tTS4QhZavgvSzQxJcuHthCfay7q%2F6rE09tNGVTYy7ipikx%2BCqlwmLA%2BqXslUIDeu%2B9H662vgqTHSx3sFZPtNBJequ8lJjX%2B9mwqavlvgbeZrKjLY436yD9f5YnhO9bxER1Enk0leEDLmu4rxxMh7GBlBa%2FDDcPjj59%2BRsFjGvGKIgZ1TUp1OrOj2FaHM4Yg2y0b6yjaGMkvXsRmbvZgGZ7zxGHGAlmOmXuofKi5K8HHv0VwSBZFu1gNHCawBvv8m99RHGBYYbGdI4i3cToBePg5BRw5rffgRhWylLpcrYohAgi7ExWa6NWyXhLJV8SY%2FXb%2FDsu6o05L5HA%3D%3D","environmentVariables":{"FIREBASE_CONFIG":"{\"projectId\":\"ofast-e6866\",\"storageBucket\":\"ofast-e6866.appspot.com\"}","GCLOUD_PROJECT":"ofast-e6866","EVENTARC_CLOUD_EVENT_SOURCE":"projects/ofast-e6866/locations/us-central1/functions/api"},"runtime":"nodejs18","buildId":"857773b2-9232-4e38-a279-633eb0d9bf49","buildEnvironmentVariables":{"GOOGLE_NODE_RUN_SCRIPTS":""},"buildName":"projects/660869453090/locations/us-central1/builds/857773b2-9232-4e38-a279-633eb0d9bf49","dockerRegistry":"ARTIFACT_REGISTRY"},"versionId":"7","updateTime":"2023-10-21T03:36:58Z"}}
[debug] [2023-10-21T03:36:59.112Z] [update-default-us-central1-api] Retrying task index 0
[debug] [2023-10-21T03:36:59.112Z] >>> [apiv2][query] GET https://cloudfunctions.googleapis.com/v1/operations/b2Zhc3QtZTY4NjYvdXMtY2VudHJhbDEvYXBpL0hKZF9OTEJTQjFN [none]
[debug] [2023-10-21T03:36:59.285Z] <<< [apiv2][status] GET https://cloudfunctions.googleapis.com/v1/operations/b2Zhc3QtZTY4NjYvdXMtY2VudHJhbDEvYXBpL0hKZF9OTEJTQjFN 200
[debug] [2023-10-21T03:36:59.285Z] <<< [apiv2][body] GET https://cloudfunctions.googleapis.com/v1/operations/b2Zhc3QtZTY4NjYvdXMtY2VudHJhbDEvYXBpL0hKZF9OTEJTQjFN {"name":"operations/b2Zhc3QtZTY4NjYvdXMtY2VudHJhbDEvYXBpL0hKZF9OTEJTQjFN","metadata":{"@type":"type.googleapis.com/google.cloud.functions.v1.OperationMetadataV1","target":"projects/ofast-e6866/locations/us-central1/functions/api","type":"UPDATE_FUNCTION","request":{"@type":"type.googleapis.com/google.cloud.functions.v1.CloudFunction","name":"projects/ofast-e6866/locations/us-central1/functions/api","httpsTrigger":{"url":"https://us-central1-ofast-e6866.cloudfunctions.net/api","securityLevel":"SECURE_ALWAYS"},"status":"ACTIVE","entryPoint":"api","updateTime":"2023-10-21T03:14:07.579Z","versionId":"6","labels":{"deployment-tool":"cli-firebase","firebase-functions-hash":"538b4c55bc831a6670c4efcd43fe0fc3f2d3f2c8"},"sourceUploadUrl":"https://storage.googleapis.com/uploads-484721855258.us-central1.cloudfunctions.appspot.com/0f8b4bed-17d0-46a7-9df5-60a7c54d4ed8.zip?GoogleAccessId=service-660869453090@gcf-admin-robot.iam.gserviceaccount.com&Expires=1697861215&Signature=ZAaI3HB2tTS4QhZavgvSzQxJcuHthCfay7q%2F6rE09tNGVTYy7ipikx%2BCqlwmLA%2BqXslUIDeu%2B9H662vgqTHSx3sFZPtNBJequ8lJjX%2B9mwqavlvgbeZrKjLY436yD9f5YnhO9bxER1Enk0leEDLmu4rxxMh7GBlBa%2FDDcPjj59%2BRsFjGvGKIgZ1TUp1OrOj2FaHM4Yg2y0b6yjaGMkvXsRmbvZgGZ7zxGHGAlmOmXuofKi5K8HHv0VwSBZFu1gNHCawBvv8m99RHGBYYbGdI4i3cToBePg5BRw5rffgRhWylLpcrYohAgi7ExWa6NWyXhLJV8SY%2FXb%2FDsu6o05L5HA%3D%3D","environmentVariables":{"FIREBASE_CONFIG":"{\"projectId\":\"ofast-e6866\",\"storageBucket\":\"ofast-e6866.appspot.com\"}","GCLOUD_PROJECT":"ofast-e6866","EVENTARC_CLOUD_EVENT_SOURCE":"projects/ofast-e6866/locations/us-central1/functions/api"},"runtime":"nodejs18","buildId":"857773b2-9232-4e38-a279-633eb0d9bf49","buildEnvironmentVariables":{"GOOGLE_NODE_RUN_SCRIPTS":""},"buildName":"projects/660869453090/locations/us-central1/builds/857773b2-9232-4e38-a279-633eb0d9bf49","dockerRegistry":"ARTIFACT_REGISTRY"},"versionId":"7","updateTime":"2023-10-21T03:36:58Z","buildId":"5e5ebaa9-56f7-4a31-93a8-74732daedf07","buildName":"projects/660869453090/locations/us-central1/builds/5e5ebaa9-56f7-4a31-93a8-74732daedf07"}}
[debug] [2023-10-21T03:37:00.286Z] [update-default-us-central1-api] Retrying task index 0
[debug] [2023-10-21T03:37:00.286Z] >>> [apiv2][query] GET https://cloudfunctions.googleapis.com/v1/operations/b2Zhc3QtZTY4NjYvdXMtY2VudHJhbDEvYXBpL0hKZF9OTEJTQjFN [none]
[debug] [2023-10-21T03:37:00.642Z] <<< [apiv2][status] GET https://cloudfunctions.googleapis.com/v1/operations/b2Zhc3QtZTY4NjYvdXMtY2VudHJhbDEvYXBpL0hKZF9OTEJTQjFN 200
[debug] [2023-10-21T03:37:00.642Z] <<< [apiv2][body] GET https://cloudfunctions.googleapis.com/v1/operations/b2Zhc3QtZTY4NjYvdXMtY2VudHJhbDEvYXBpL0hKZF9OTEJTQjFN {"name":"operations/b2Zhc3QtZTY4NjYvdXMtY2VudHJhbDEvYXBpL0hKZF9OTEJTQjFN","metadata":{"@type":"type.googleapis.com/google.cloud.functions.v1.OperationMetadataV1","target":"projects/ofast-e6866/locations/us-central1/functions/api","type":"UPDATE_FUNCTION","request":{"@type":"type.googleapis.com/google.cloud.functions.v1.CloudFunction","name":"projects/ofast-e6866/locations/us-central1/functions/api","httpsTrigger":{"url":"https://us-central1-ofast-e6866.cloudfunctions.net/api","securityLevel":"SECURE_ALWAYS"},"status":"ACTIVE","entryPoint":"api","updateTime":"2023-10-21T03:14:07.579Z","versionId":"6","labels":{"deployment-tool":"cli-firebase","firebase-functions-hash":"538b4c55bc831a6670c4efcd43fe0fc3f2d3f2c8"},"sourceUploadUrl":"https://storage.googleapis.com/uploads-484721855258.us-central1.cloudfunctions.appspot.com/0f8b4bed-17d0-46a7-9df5-60a7c54d4ed8.zip?GoogleAccessId=service-660869453090@gcf-admin-robot.iam.gserviceaccount.com&Expires=1697861215&Signature=ZAaI3HB2tTS4QhZavgvSzQxJcuHthCfay7q%2F6rE09tNGVTYy7ipikx%2BCqlwmLA%2BqXslUIDeu%2B9H662vgqTHSx3sFZPtNBJequ8lJjX%2B9mwqavlvgbeZrKjLY436yD9f5YnhO9bxER1Enk0leEDLmu4rxxMh7GBlBa%2FDDcPjj59%2BRsFjGvGKIgZ1TUp1OrOj2FaHM4Yg2y0b6yjaGMkvXsRmbvZgGZ7zxGHGAlmOmXuofKi5K8HHv0VwSBZFu1gNHCawBvv8m99RHGBYYbGdI4i3cToBePg5BRw5rffgRhWylLpcrYohAgi7ExWa6NWyXhLJV8SY%2FXb%2FDsu6o05L5HA%3D%3D","environmentVariables":{"FIREBASE_CONFIG":"{\"projectId\":\"ofast-e6866\",\"storageBucket\":\"ofast-e6866.appspot.com\"}","GCLOUD_PROJECT":"ofast-e6866","EVENTARC_CLOUD_EVENT_SOURCE":"projects/ofast-e6866/locations/us-central1/functions/api"},"runtime":"nodejs18","buildId":"857773b2-9232-4e38-a279-633eb0d9bf49","buildEnvironmentVariables":{"GOOGLE_NODE_RUN_SCRIPTS":""},"buildName":"projects/660869453090/locations/us-central1/builds/857773b2-9232-4e38-a279-633eb0d9bf49","dockerRegistry":"ARTIFACT_REGISTRY"},"versionId":"7","updateTime":"2023-10-21T03:36:58Z","buildId":"5e5ebaa9-56f7-4a31-93a8-74732daedf07","buildName":"projects/660869453090/locations/us-central1/builds/5e5ebaa9-56f7-4a31-93a8-74732daedf07"}}
[debug] [2023-10-21T03:37:02.643Z] [update-default-us-central1-api] Retrying task index 0
[debug] [2023-10-21T03:37:02.643Z] >>> [apiv2][query] GET https://cloudfunctions.googleapis.com/v1/operations/b2Zhc3QtZTY4NjYvdXMtY2VudHJhbDEvYXBpL0hKZF9OTEJTQjFN [none]
[debug] [2023-10-21T03:37:02.939Z] <<< [apiv2][status] GET https://cloudfunctions.googleapis.com/v1/operations/b2Zhc3QtZTY4NjYvdXMtY2VudHJhbDEvYXBpL0hKZF9OTEJTQjFN 200
[debug] [2023-10-21T03:37:02.939Z] <<< [apiv2][body] GET https://cloudfunctions.googleapis.com/v1/operations/b2Zhc3QtZTY4NjYvdXMtY2VudHJhbDEvYXBpL0hKZF9OTEJTQjFN {"name":"operations/b2Zhc3QtZTY4NjYvdXMtY2VudHJhbDEvYXBpL0hKZF9OTEJTQjFN","metadata":{"@type":"type.googleapis.com/google.cloud.functions.v1.OperationMetadataV1","target":"projects/ofast-e6866/locations/us-central1/functions/api","type":"UPDATE_FUNCTION","request":{"@type":"type.googleapis.com/google.cloud.functions.v1.CloudFunction","name":"projects/ofast-e6866/locations/us-central1/functions/api","httpsTrigger":{"url":"https://us-central1-ofast-e6866.cloudfunctions.net/api","securityLevel":"SECURE_ALWAYS"},"status":"ACTIVE","entryPoint":"api","updateTime":"2023-10-21T03:14:07.579Z","versionId":"6","labels":{"deployment-tool":"cli-firebase","firebase-functions-hash":"538b4c55bc831a6670c4efcd43fe0fc3f2d3f2c8"},"sourceUploadUrl":"https://storage.googleapis.com/uploads-484721855258.us-central1.cloudfunctions.appspot.com/0f8b4bed-17d0-46a7-9df5-60a7c54d4ed8.zip?GoogleAccessId=service-660869453090@gcf-admin-robot.iam.gserviceaccount.com&Expires=1697861215&Signature=ZAaI3HB2tTS4QhZavgvSzQxJcuHthCfay7q%2F6rE09tNGVTYy7ipikx%2BCqlwmLA%2BqXslUIDeu%2B9H662vgqTHSx3sFZPtNBJequ8lJjX%2B9mwqavlvgbeZrKjLY436yD9f5YnhO9bxER1Enk0leEDLmu4rxxMh7GBlBa%2FDDcPjj59%2BRsFjGvGKIgZ1TUp1OrOj2FaHM4Yg2y0b6yjaGMkvXsRmbvZgGZ7zxGHGAlmOmXuofKi5K8HHv0VwSBZFu1gNHCawBvv8m99RHGBYYbGdI4i3cToBePg5BRw5rffgRhWylLpcrYohAgi7ExWa6NWyXhLJV8SY%2FXb%2FDsu6o05L5HA%3D%3D","environmentVariables":{"FIREBASE_CONFIG":"{\"projectId\":\"ofast-e6866\",\"storageBucket\":\"ofast-e6866.appspot.com\"}","GCLOUD_PROJECT":"ofast-e6866","EVENTARC_CLOUD_EVENT_SOURCE":"projects/ofast-e6866/locations/us-central1/functions/api"},"runtime":"nodejs18","buildId":"857773b2-9232-4e38-a279-633eb0d9bf49","buildEnvironmentVariables":{"GOOGLE_NODE_RUN_SCRIPTS":""},"buildName":"projects/660869453090/locations/us-central1/builds/857773b2-9232-4e38-a279-633eb0d9bf49","dockerRegistry":"ARTIFACT_REGISTRY"},"versionId":"7","updateTime":"2023-10-21T03:36:58Z","buildId":"5e5ebaa9-56f7-4a31-93a8-74732daedf07","buildName":"projects/660869453090/locations/us-central1/builds/5e5ebaa9-56f7-4a31-93a8-74732daedf07"}}
[debug] [2023-10-21T03:37:06.941Z] [update-default-us-central1-api] Retrying task index 0
[debug] [2023-10-21T03:37:06.942Z] >>> [apiv2][query] GET https://cloudfunctions.googleapis.com/v1/operations/b2Zhc3QtZTY4NjYvdXMtY2VudHJhbDEvYXBpL0hKZF9OTEJTQjFN [none]
[debug] [2023-10-21T03:37:07.087Z] <<< [apiv2][status] GET https://cloudfunctions.googleapis.com/v1/operations/b2Zhc3QtZTY4NjYvdXMtY2VudHJhbDEvYXBpL0hKZF9OTEJTQjFN 200
[debug] [2023-10-21T03:37:07.087Z] <<< [apiv2][body] GET https://cloudfunctions.googleapis.com/v1/operations/b2Zhc3QtZTY4NjYvdXMtY2VudHJhbDEvYXBpL0hKZF9OTEJTQjFN {"name":"operations/b2Zhc3QtZTY4NjYvdXMtY2VudHJhbDEvYXBpL0hKZF9OTEJTQjFN","metadata":{"@type":"type.googleapis.com/google.cloud.functions.v1.OperationMetadataV1","target":"projects/ofast-e6866/locations/us-central1/functions/api","type":"UPDATE_FUNCTION","request":{"@type":"type.googleapis.com/google.cloud.functions.v1.CloudFunction","name":"projects/ofast-e6866/locations/us-central1/functions/api","httpsTrigger":{"url":"https://us-central1-ofast-e6866.cloudfunctions.net/api","securityLevel":"SECURE_ALWAYS"},"status":"ACTIVE","entryPoint":"api","updateTime":"2023-10-21T03:14:07.579Z","versionId":"6","labels":{"deployment-tool":"cli-firebase","firebase-functions-hash":"538b4c55bc831a6670c4efcd43fe0fc3f2d3f2c8"},"sourceUploadUrl":"https://storage.googleapis.com/uploads-484721855258.us-central1.cloudfunctions.appspot.com/0f8b4bed-17d0-46a7-9df5-60a7c54d4ed8.zip?GoogleAccessId=service-660869453090@gcf-admin-robot.iam.gserviceaccount.com&Expires=1697861215&Signature=ZAaI3HB2tTS4QhZavgvSzQxJcuHthCfay7q%2F6rE09tNGVTYy7ipikx%2BCqlwmLA%2BqXslUIDeu%2B9H662vgqTHSx3sFZPtNBJequ8lJjX%2B9mwqavlvgbeZrKjLY436yD9f5YnhO9bxER1Enk0leEDLmu4rxxMh7GBlBa%2FDDcPjj59%2BRsFjGvGKIgZ1TUp1OrOj2FaHM4Yg2y0b6yjaGMkvXsRmbvZgGZ7zxGHGAlmOmXuofKi5K8HHv0VwSBZFu1gNHCawBvv8m99RHGBYYbGdI4i3cToBePg5BRw5rffgRhWylLpcrYohAgi7ExWa6NWyXhLJV8SY%2FXb%2FDsu6o05L5HA%3D%3D","environmentVariables":{"FIREBASE_CONFIG":"{\"projectId\":\"ofast-e6866\",\"storageBucket\":\"ofast-e6866.appspot.com\"}","GCLOUD_PROJECT":"ofast-e6866","EVENTARC_CLOUD_EVENT_SOURCE":"projects/ofast-e6866/locations/us-central1/functions/api"},"runtime":"nodejs18","buildId":"857773b2-9232-4e38-a279-633eb0d9bf49","buildEnvironmentVariables":{"GOOGLE_NODE_RUN_SCRIPTS":""},"buildName":"projects/660869453090/locations/us-central1/builds/857773b2-9232-4e38-a279-633eb0d9bf49","dockerRegistry":"ARTIFACT_REGISTRY"},"versionId":"7","updateTime":"2023-10-21T03:36:58Z","buildId":"5e5ebaa9-56f7-4a31-93a8-74732daedf07","buildName":"projects/660869453090/locations/us-central1/builds/5e5ebaa9-56f7-4a31-93a8-74732daedf07"}}
[debug] [2023-10-21T03:37:15.094Z] [update-default-us-central1-api] Retrying task index 0
[debug] [2023-10-21T03:37:15.094Z] >>> [apiv2][query] GET https://cloudfunctions.googleapis.com/v1/operations/b2Zhc3QtZTY4NjYvdXMtY2VudHJhbDEvYXBpL0hKZF9OTEJTQjFN [none]
[debug] [2023-10-21T03:37:15.255Z] <<< [apiv2][status] GET https://cloudfunctions.googleapis.com/v1/operations/b2Zhc3QtZTY4NjYvdXMtY2VudHJhbDEvYXBpL0hKZF9OTEJTQjFN 200
[debug] [2023-10-21T03:37:15.255Z] <<< [apiv2][body] GET https://cloudfunctions.googleapis.com/v1/operations/b2Zhc3QtZTY4NjYvdXMtY2VudHJhbDEvYXBpL0hKZF9OTEJTQjFN {"name":"operations/b2Zhc3QtZTY4NjYvdXMtY2VudHJhbDEvYXBpL0hKZF9OTEJTQjFN","metadata":{"@type":"type.googleapis.com/google.cloud.functions.v1.OperationMetadataV1","target":"projects/ofast-e6866/locations/us-central1/functions/api","type":"UPDATE_FUNCTION","request":{"@type":"type.googleapis.com/google.cloud.functions.v1.CloudFunction","name":"projects/ofast-e6866/locations/us-central1/functions/api","httpsTrigger":{"url":"https://us-central1-ofast-e6866.cloudfunctions.net/api","securityLevel":"SECURE_ALWAYS"},"status":"ACTIVE","entryPoint":"api","updateTime":"2023-10-21T03:14:07.579Z","versionId":"6","labels":{"deployment-tool":"cli-firebase","firebase-functions-hash":"538b4c55bc831a6670c4efcd43fe0fc3f2d3f2c8"},"sourceUploadUrl":"https://storage.googleapis.com/uploads-484721855258.us-central1.cloudfunctions.appspot.com/0f8b4bed-17d0-46a7-9df5-60a7c54d4ed8.zip?GoogleAccessId=service-660869453090@gcf-admin-robot.iam.gserviceaccount.com&Expires=1697861215&Signature=ZAaI3HB2tTS4QhZavgvSzQxJcuHthCfay7q%2F6rE09tNGVTYy7ipikx%2BCqlwmLA%2BqXslUIDeu%2B9H662vgqTHSx3sFZPtNBJequ8lJjX%2B9mwqavlvgbeZrKjLY436yD9f5YnhO9bxER1Enk0leEDLmu4rxxMh7GBlBa%2FDDcPjj59%2BRsFjGvGKIgZ1TUp1OrOj2FaHM4Yg2y0b6yjaGMkvXsRmbvZgGZ7zxGHGAlmOmXuofKi5K8HHv0VwSBZFu1gNHCawBvv8m99RHGBYYbGdI4i3cToBePg5BRw5rffgRhWylLpcrYohAgi7ExWa6NWyXhLJV8SY%2FXb%2FDsu6o05L5HA%3D%3D","environmentVariables":{"FIREBASE_CONFIG":"{\"projectId\":\"ofast-e6866\",\"storageBucket\":\"ofast-e6866.appspot.com\"}","GCLOUD_PROJECT":"ofast-e6866","EVENTARC_CLOUD_EVENT_SOURCE":"projects/ofast-e6866/locations/us-central1/functions/api"},"runtime":"nodejs18","buildId":"857773b2-9232-4e38-a279-633eb0d9bf49","buildEnvironmentVariables":{"GOOGLE_NODE_RUN_SCRIPTS":""},"buildName":"projects/660869453090/locations/us-central1/builds/857773b2-9232-4e38-a279-633eb0d9bf49","dockerRegistry":"ARTIFACT_REGISTRY"},"versionId":"7","updateTime":"2023-10-21T03:36:58Z","buildId":"5e5ebaa9-56f7-4a31-93a8-74732daedf07","buildName":"projects/660869453090/locations/us-central1/builds/5e5ebaa9-56f7-4a31-93a8-74732daedf07"}}
[debug] [2023-10-21T03:37:25.266Z] [update-default-us-central1-api] Retrying task index 0
[debug] [2023-10-21T03:37:25.266Z] >>> [apiv2][query] GET https://cloudfunctions.googleapis.com/v1/operations/b2Zhc3QtZTY4NjYvdXMtY2VudHJhbDEvYXBpL0hKZF9OTEJTQjFN [none]
[debug] [2023-10-21T03:37:25.607Z] <<< [apiv2][status] GET https://cloudfunctions.googleapis.com/v1/operations/b2Zhc3QtZTY4NjYvdXMtY2VudHJhbDEvYXBpL0hKZF9OTEJTQjFN 200
[debug] [2023-10-21T03:37:25.607Z] <<< [apiv2][body] GET https://cloudfunctions.googleapis.com/v1/operations/b2Zhc3QtZTY4NjYvdXMtY2VudHJhbDEvYXBpL0hKZF9OTEJTQjFN {"name":"operations/b2Zhc3QtZTY4NjYvdXMtY2VudHJhbDEvYXBpL0hKZF9OTEJTQjFN","metadata":{"@type":"type.googleapis.com/google.cloud.functions.v1.OperationMetadataV1","target":"projects/ofast-e6866/locations/us-central1/functions/api","type":"UPDATE_FUNCTION","request":{"@type":"type.googleapis.com/google.cloud.functions.v1.CloudFunction","name":"projects/ofast-e6866/locations/us-central1/functions/api","httpsTrigger":{"url":"https://us-central1-ofast-e6866.cloudfunctions.net/api","securityLevel":"SECURE_ALWAYS"},"status":"ACTIVE","entryPoint":"api","updateTime":"2023-10-21T03:14:07.579Z","versionId":"6","labels":{"deployment-tool":"cli-firebase","firebase-functions-hash":"538b4c55bc831a6670c4efcd43fe0fc3f2d3f2c8"},"sourceUploadUrl":"https://storage.googleapis.com/uploads-484721855258.us-central1.cloudfunctions.appspot.com/0f8b4bed-17d0-46a7-9df5-60a7c54d4ed8.zip?GoogleAccessId=service-660869453090@gcf-admin-robot.iam.gserviceaccount.com&Expires=1697861215&Signature=ZAaI3HB2tTS4QhZavgvSzQxJcuHthCfay7q%2F6rE09tNGVTYy7ipikx%2BCqlwmLA%2BqXslUIDeu%2B9H662vgqTHSx3sFZPtNBJequ8lJjX%2B9mwqavlvgbeZrKjLY436yD9f5YnhO9bxER1Enk0leEDLmu4rxxMh7GBlBa%2FDDcPjj59%2BRsFjGvGKIgZ1TUp1OrOj2FaHM4Yg2y0b6yjaGMkvXsRmbvZgGZ7zxGHGAlmOmXuofKi5K8HHv0VwSBZFu1gNHCawBvv8m99RHGBYYbGdI4i3cToBePg5BRw5rffgRhWylLpcrYohAgi7ExWa6NWyXhLJV8SY%2FXb%2FDsu6o05L5HA%3D%3D","environmentVariables":{"FIREBASE_CONFIG":"{\"projectId\":\"ofast-e6866\",\"storageBucket\":\"ofast-e6866.appspot.com\"}","GCLOUD_PROJECT":"ofast-e6866","EVENTARC_CLOUD_EVENT_SOURCE":"projects/ofast-e6866/locations/us-central1/functions/api"},"runtime":"nodejs18","buildId":"857773b2-9232-4e38-a279-633eb0d9bf49","buildEnvironmentVariables":{"GOOGLE_NODE_RUN_SCRIPTS":""},"buildName":"projects/660869453090/locations/us-central1/builds/857773b2-9232-4e38-a279-633eb0d9bf49","dockerRegistry":"ARTIFACT_REGISTRY"},"versionId":"7","updateTime":"2023-10-21T03:36:58Z","buildId":"5e5ebaa9-56f7-4a31-93a8-74732daedf07","buildName":"projects/660869453090/locations/us-central1/builds/5e5ebaa9-56f7-4a31-93a8-74732daedf07"}}
[debug] [2023-10-21T03:37:35.618Z] [update-default-us-central1-api] Retrying task index 0
[debug] [2023-10-21T03:37:35.618Z] >>> [apiv2][query] GET https://cloudfunctions.googleapis.com/v1/operations/b2Zhc3QtZTY4NjYvdXMtY2VudHJhbDEvYXBpL0hKZF9OTEJTQjFN [none]
[debug] [2023-10-21T03:37:35.881Z] <<< [apiv2][status] GET https://cloudfunctions.googleapis.com/v1/operations/b2Zhc3QtZTY4NjYvdXMtY2VudHJhbDEvYXBpL0hKZF9OTEJTQjFN 200
[debug] [2023-10-21T03:37:35.881Z] <<< [apiv2][body] GET https://cloudfunctions.googleapis.com/v1/operations/b2Zhc3QtZTY4NjYvdXMtY2VudHJhbDEvYXBpL0hKZF9OTEJTQjFN {"name":"operations/b2Zhc3QtZTY4NjYvdXMtY2VudHJhbDEvYXBpL0hKZF9OTEJTQjFN","metadata":{"@type":"type.googleapis.com/google.cloud.functions.v1.OperationMetadataV1","target":"projects/ofast-e6866/locations/us-central1/functions/api","type":"UPDATE_FUNCTION","request":{"@type":"type.googleapis.com/google.cloud.functions.v1.CloudFunction","name":"projects/ofast-e6866/locations/us-central1/functions/api","httpsTrigger":{"url":"https://us-central1-ofast-e6866.cloudfunctions.net/api","securityLevel":"SECURE_ALWAYS"},"status":"ACTIVE","entryPoint":"api","updateTime":"2023-10-21T03:14:07.579Z","versionId":"6","labels":{"deployment-tool":"cli-firebase","firebase-functions-hash":"538b4c55bc831a6670c4efcd43fe0fc3f2d3f2c8"},"sourceUploadUrl":"https://storage.googleapis.com/uploads-484721855258.us-central1.cloudfunctions.appspot.com/0f8b4bed-17d0-46a7-9df5-60a7c54d4ed8.zip?GoogleAccessId=service-660869453090@gcf-admin-robot.iam.gserviceaccount.com&Expires=1697861215&Signature=ZAaI3HB2tTS4QhZavgvSzQxJcuHthCfay7q%2F6rE09tNGVTYy7ipikx%2BCqlwmLA%2BqXslUIDeu%2B9H662vgqTHSx3sFZPtNBJequ8lJjX%2B9mwqavlvgbeZrKjLY436yD9f5YnhO9bxER1Enk0leEDLmu4rxxMh7GBlBa%2FDDcPjj59%2BRsFjGvGKIgZ1TUp1OrOj2FaHM4Yg2y0b6yjaGMkvXsRmbvZgGZ7zxGHGAlmOmXuofKi5K8HHv0VwSBZFu1gNHCawBvv8m99RHGBYYbGdI4i3cToBePg5BRw5rffgRhWylLpcrYohAgi7ExWa6NWyXhLJV8SY%2FXb%2FDsu6o05L5HA%3D%3D","environmentVariables":{"FIREBASE_CONFIG":"{\"projectId\":\"ofast-e6866\",\"storageBucket\":\"ofast-e6866.appspot.com\"}","GCLOUD_PROJECT":"ofast-e6866","EVENTARC_CLOUD_EVENT_SOURCE":"projects/ofast-e6866/locations/us-central1/functions/api"},"runtime":"nodejs18","buildId":"857773b2-9232-4e38-a279-633eb0d9bf49","buildEnvironmentVariables":{"GOOGLE_NODE_RUN_SCRIPTS":""},"buildName":"projects/660869453090/locations/us-central1/builds/857773b2-9232-4e38-a279-633eb0d9bf49","dockerRegistry":"ARTIFACT_REGISTRY"},"versionId":"7","updateTime":"2023-10-21T03:36:58Z","buildId":"5e5ebaa9-56f7-4a31-93a8-74732daedf07","buildName":"projects/660869453090/locations/us-central1/builds/5e5ebaa9-56f7-4a31-93a8-74732daedf07"}}
[debug] [2023-10-21T03:37:45.892Z] [update-default-us-central1-api] Retrying task index 0
[debug] [2023-10-21T03:37:45.892Z] >>> [apiv2][query] GET https://cloudfunctions.googleapis.com/v1/operations/b2Zhc3QtZTY4NjYvdXMtY2VudHJhbDEvYXBpL0hKZF9OTEJTQjFN [none]
[debug] [2023-10-21T03:37:46.183Z] <<< [apiv2][status] GET https://cloudfunctions.googleapis.com/v1/operations/b2Zhc3QtZTY4NjYvdXMtY2VudHJhbDEvYXBpL0hKZF9OTEJTQjFN 200
[debug] [2023-10-21T03:37:46.183Z] <<< [apiv2][body] GET https://cloudfunctions.googleapis.com/v1/operations/b2Zhc3QtZTY4NjYvdXMtY2VudHJhbDEvYXBpL0hKZF9OTEJTQjFN {"name":"operations/b2Zhc3QtZTY4NjYvdXMtY2VudHJhbDEvYXBpL0hKZF9OTEJTQjFN","metadata":{"@type":"type.googleapis.com/google.cloud.functions.v1.OperationMetadataV1","target":"projects/ofast-e6866/locations/us-central1/functions/api","type":"UPDATE_FUNCTION","request":{"@type":"type.googleapis.com/google.cloud.functions.v1.CloudFunction","name":"projects/ofast-e6866/locations/us-central1/functions/api","httpsTrigger":{"url":"https://us-central1-ofast-e6866.cloudfunctions.net/api","securityLevel":"SECURE_ALWAYS"},"status":"ACTIVE","entryPoint":"api","updateTime":"2023-10-21T03:14:07.579Z","versionId":"6","labels":{"deployment-tool":"cli-firebase","firebase-functions-hash":"538b4c55bc831a6670c4efcd43fe0fc3f2d3f2c8"},"sourceUploadUrl":"https://storage.googleapis.com/uploads-484721855258.us-central1.cloudfunctions.appspot.com/0f8b4bed-17d0-46a7-9df5-60a7c54d4ed8.zip?GoogleAccessId=service-660869453090@gcf-admin-robot.iam.gserviceaccount.com&Expires=1697861215&Signature=ZAaI3HB2tTS4QhZavgvSzQxJcuHthCfay7q%2F6rE09tNGVTYy7ipikx%2BCqlwmLA%2BqXslUIDeu%2B9H662vgqTHSx3sFZPtNBJequ8lJjX%2B9mwqavlvgbeZrKjLY436yD9f5YnhO9bxER1Enk0leEDLmu4rxxMh7GBlBa%2FDDcPjj59%2BRsFjGvGKIgZ1TUp1OrOj2FaHM4Yg2y0b6yjaGMkvXsRmbvZgGZ7zxGHGAlmOmXuofKi5K8HHv0VwSBZFu1gNHCawBvv8m99RHGBYYbGdI4i3cToBePg5BRw5rffgRhWylLpcrYohAgi7ExWa6NWyXhLJV8SY%2FXb%2FDsu6o05L5HA%3D%3D","environmentVariables":{"FIREBASE_CONFIG":"{\"projectId\":\"ofast-e6866\",\"storageBucket\":\"ofast-e6866.appspot.com\"}","GCLOUD_PROJECT":"ofast-e6866","EVENTARC_CLOUD_EVENT_SOURCE":"projects/ofast-e6866/locations/us-central1/functions/api"},"runtime":"nodejs18","buildId":"857773b2-9232-4e38-a279-633eb0d9bf49","buildEnvironmentVariables":{"GOOGLE_NODE_RUN_SCRIPTS":""},"buildName":"projects/660869453090/locations/us-central1/builds/857773b2-9232-4e38-a279-633eb0d9bf49","dockerRegistry":"ARTIFACT_REGISTRY"},"versionId":"7","updateTime":"2023-10-21T03:36:58Z","buildId":"5e5ebaa9-56f7-4a31-93a8-74732daedf07","buildName":"projects/660869453090/locations/us-central1/builds/5e5ebaa9-56f7-4a31-93a8-74732daedf07"}}
[debug] [2023-10-21T03:37:56.193Z] [update-default-us-central1-api] Retrying task index 0
[debug] [2023-10-21T03:37:56.194Z] >>> [apiv2][query] GET https://cloudfunctions.googleapis.com/v1/operations/b2Zhc3QtZTY4NjYvdXMtY2VudHJhbDEvYXBpL0hKZF9OTEJTQjFN [none]
[debug] [2023-10-21T03:37:56.336Z] <<< [apiv2][status] GET https://cloudfunctions.googleapis.com/v1/operations/b2Zhc3QtZTY4NjYvdXMtY2VudHJhbDEvYXBpL0hKZF9OTEJTQjFN 200
[debug] [2023-10-21T03:37:56.336Z] <<< [apiv2][body] GET https://cloudfunctions.googleapis.com/v1/operations/b2Zhc3QtZTY4NjYvdXMtY2VudHJhbDEvYXBpL0hKZF9OTEJTQjFN {"name":"operations/b2Zhc3QtZTY4NjYvdXMtY2VudHJhbDEvYXBpL0hKZF9OTEJTQjFN","metadata":{"@type":"type.googleapis.com/google.cloud.functions.v1.OperationMetadataV1","target":"projects/ofast-e6866/locations/us-central1/functions/api","type":"UPDATE_FUNCTION","request":{"@type":"type.googleapis.com/google.cloud.functions.v1.CloudFunction","name":"projects/ofast-e6866/locations/us-central1/functions/api","httpsTrigger":{"url":"https://us-central1-ofast-e6866.cloudfunctions.net/api","securityLevel":"SECURE_ALWAYS"},"status":"ACTIVE","entryPoint":"api","updateTime":"2023-10-21T03:14:07.579Z","versionId":"6","labels":{"deployment-tool":"cli-firebase","firebase-functions-hash":"538b4c55bc831a6670c4efcd43fe0fc3f2d3f2c8"},"sourceUploadUrl":"https://storage.googleapis.com/uploads-484721855258.us-central1.cloudfunctions.appspot.com/0f8b4bed-17d0-46a7-9df5-60a7c54d4ed8.zip?GoogleAccessId=service-660869453090@gcf-admin-robot.iam.gserviceaccount.com&Expires=1697861215&Signature=ZAaI3HB2tTS4QhZavgvSzQxJcuHthCfay7q%2F6rE09tNGVTYy7ipikx%2BCqlwmLA%2BqXslUIDeu%2B9H662vgqTHSx3sFZPtNBJequ8lJjX%2B9mwqavlvgbeZrKjLY436yD9f5YnhO9bxER1Enk0leEDLmu4rxxMh7GBlBa%2FDDcPjj59%2BRsFjGvGKIgZ1TUp1OrOj2FaHM4Yg2y0b6yjaGMkvXsRmbvZgGZ7zxGHGAlmOmXuofKi5K8HHv0VwSBZFu1gNHCawBvv8m99RHGBYYbGdI4i3cToBePg5BRw5rffgRhWylLpcrYohAgi7ExWa6NWyXhLJV8SY%2FXb%2FDsu6o05L5HA%3D%3D","environmentVariables":{"FIREBASE_CONFIG":"{\"projectId\":\"ofast-e6866\",\"storageBucket\":\"ofast-e6866.appspot.com\"}","GCLOUD_PROJECT":"ofast-e6866","EVENTARC_CLOUD_EVENT_SOURCE":"projects/ofast-e6866/locations/us-central1/functions/api"},"runtime":"nodejs18","buildId":"857773b2-9232-4e38-a279-633eb0d9bf49","buildEnvironmentVariables":{"GOOGLE_NODE_RUN_SCRIPTS":""},"buildName":"projects/660869453090/locations/us-central1/builds/857773b2-9232-4e38-a279-633eb0d9bf49","dockerRegistry":"ARTIFACT_REGISTRY"},"versionId":"7","updateTime":"2023-10-21T03:36:58Z","buildId":"5e5ebaa9-56f7-4a31-93a8-74732daedf07","buildName":"projects/660869453090/locations/us-central1/builds/5e5ebaa9-56f7-4a31-93a8-74732daedf07"}}
